app/build/outputs/mapping/debug/seeds.txt
chat.tox.antox.BuildConfig
chat.tox.antox.BuildConfig: boolean DEBUG
chat.tox.antox.BuildConfig: java.lang.String APPLICATION_ID
chat.tox.antox.BuildConfig: java.lang.String BUILD_TYPE
chat.tox.antox.BuildConfig: java.lang.String FLAVOR
chat.tox.antox.BuildConfig: int VERSION_CODE
chat.tox.antox.BuildConfig: java.lang.String VERSION_NAME
chat.tox.antox.BuildConfig: BuildConfig()
chat.tox.antox.BuildConfig: void <clinit>()
chat.tox.antox.R
chat.tox.antox.R: R()
chat.tox.antox.R$anim
chat.tox.antox.R$anim: int abc_fade_in
chat.tox.antox.R$anim: int abc_fade_out
chat.tox.antox.R$anim: int abc_grow_fade_in_from_bottom
chat.tox.antox.R$anim: int abc_popup_enter
chat.tox.antox.R$anim: int abc_popup_exit
chat.tox.antox.R$anim: int abc_shrink_fade_out_from_bottom
chat.tox.antox.R$anim: int abc_slide_in_bottom
chat.tox.antox.R$anim: int abc_slide_in_top
chat.tox.antox.R$anim: int abc_slide_out_bottom
chat.tox.antox.R$anim: int abc_slide_out_top
chat.tox.antox.R$anim: int design_fab_in
chat.tox.antox.R$anim: int design_fab_out
chat.tox.antox.R$anim: int design_snackbar_in
chat.tox.antox.R$anim: int design_snackbar_out
chat.tox.antox.R$anim: int fade_scale_in
chat.tox.antox.R$anim: int fade_scale_out
chat.tox.antox.R$anim: int slide_from_bottom
chat.tox.antox.R$anim: int slide_from_right
chat.tox.antox.R$anim: int slide_to_bottom
chat.tox.antox.R$anim: int slide_to_right
chat.tox.antox.R$anim: int slide_to_top
chat.tox.antox.R$anim: R$anim()
chat.tox.antox.R$array
chat.tox.antox.R$array: int pref_language_list_titles
chat.tox.antox.R$array: int pref_language_list_values
chat.tox.antox.R$array: int pref_status_list_titles
chat.tox.antox.R$array: int pref_status_list_values
chat.tox.antox.R$array: int theme_colors
chat.tox.antox.R$array: R$array()
chat.tox.antox.R$attr
chat.tox.antox.R$attr: int actionBarDivider
chat.tox.antox.R$attr: int actionBarItemBackground
chat.tox.antox.R$attr: int actionBarPopupTheme
chat.tox.antox.R$attr: int actionBarSize
chat.tox.antox.R$attr: int actionBarSplitStyle
chat.tox.antox.R$attr: int actionBarStyle
chat.tox.antox.R$attr: int actionBarTabBarStyle
chat.tox.antox.R$attr: int actionBarTabStyle
chat.tox.antox.R$attr: int actionBarTabTextStyle
chat.tox.antox.R$attr: int actionBarTheme
chat.tox.antox.R$attr: int actionBarWidgetTheme
chat.tox.antox.R$attr: int actionButtonStyle
chat.tox.antox.R$attr: int actionDropDownStyle
chat.tox.antox.R$attr: int actionLayout
chat.tox.antox.R$attr: int actionMenuTextAppearance
chat.tox.antox.R$attr: int actionMenuTextColor
chat.tox.antox.R$attr: int actionModeBackground
chat.tox.antox.R$attr: int actionModeCloseButtonStyle
chat.tox.antox.R$attr: int actionModeCloseDrawable
chat.tox.antox.R$attr: int actionModeCopyDrawable
chat.tox.antox.R$attr: int actionModeCutDrawable
chat.tox.antox.R$attr: int actionModeFindDrawable
chat.tox.antox.R$attr: int actionModePasteDrawable
chat.tox.antox.R$attr: int actionModePopupWindowStyle
chat.tox.antox.R$attr: int actionModeSelectAllDrawable
chat.tox.antox.R$attr: int actionModeShareDrawable
chat.tox.antox.R$attr: int actionModeSplitBackground
chat.tox.antox.R$attr: int actionModeStyle
chat.tox.antox.R$attr: int actionModeWebSearchDrawable
chat.tox.antox.R$attr: int actionOverflowButtonStyle
chat.tox.antox.R$bool
chat.tox.antox.R$bool: int abc_action_bar_embed_tabs
chat.tox.antox.R$bool: int abc_action_bar_embed_tabs_pre_jb
chat.tox.antox.R$bool: int abc_action_bar_expanded_action_views_exclusive
chat.tox.antox.R$bool: int abc_config_actionMenuItemAllCaps
chat.tox.antox.R$bool: int abc_config_allowActionMenuItemTextWithIcon
chat.tox.antox.R$bool: int abc_config_closeDialogWhenTouchOutside
chat.tox.antox.R$bool: int abc_config_showMenuShortcutsWhenKeyboardPresent
chat.tox.antox.R$bool: R$bool()
...
im.tox.core.io.package$IO$$anonfun$timedAction$1
im.tox.core.io.package$IO$$anonfun$timedAction$1: long serialVersionUID
im.tox.core.io.package$IO$$anonfun$timedAction$1: scala.Function2 action$1
im.tox.core.io.package$IO$$anonfun$timedAction$1: scala.Some apply(scala.concurrent.duration.Duration)
im.tox.core.io.package$IO$$anonfun$timedAction$1: java.lang.Object apply(java.lang.Object)
im.tox.core.io.package$IO$$anonfun$timedAction$1: package$IO$$anonfun$timedAction$1(scala.Function2)
im.tox.core.io.package$IO$$anonfun$timedAction$1$$anonfun$apply$1
im.tox.core.io.package$IO$$anonfun$timedAction$1$$anonfun$apply$1: long serialVersionUID
im.tox.core.io.package$IO$$anonfun$timedAction$1$$anonfun$apply$1: im.tox.core.io.package$IO$$anonfun$timedAction$1 $outer
im.tox.core.io.package$IO$$anonfun$timedAction$1$$anonfun$apply$1: scala.concurrent.duration.Duration duration$1
im.tox.core.io.package$IO$$anonfun$timedAction$1$$anonfun$apply$1: scalaz.$bslash$div apply(im.tox.core.dht.Dht)
im.tox.core.io.package$IO$$anonfun$timedAction$1$$anonfun$apply$1: java.lang.Object apply(java.lang.Object)
im.tox.core.io.package$IO$$anonfun$timedAction$1$$anonfun$apply$1: package$IO$$anonfun$timedAction$1$$anonfun$apply$1(im.tox.core.io.package$IO$$anonfun$timedAction$1,scala.concurrent.duration.Duration)
im.tox.core.io.package$IO$Action
im.tox.core.io.package$IO$Action$
im.tox.core.io.package$IO$Action$: im.tox.core.io.package$IO$Action$ MODULE$
im.tox.core.io.package$IO$Action$: void <clinit>()
im.tox.core.io.package$IO$Action$: package$IO$Action$()
im.tox.core.io.package$IO$Action$CancelTimer
im.tox.core.io.package$IO$Action$CancelTimer: java.lang.String id
im.tox.core.io.package$IO$Action$CancelTimer: java.lang.String id()
im.tox.core.io.package$IO$Action$CancelTimer: im.tox.core.io.package$IO$Action$CancelTimer copy(java.lang.String)
im.tox.core.io.package$IO$Action$CancelTimer: java.lang.String copy$default$1()
im.tox.core.io.package$IO$Action$CancelTimer: java.lang.String productPrefix()
im.tox.core.io.package$IO$Action$CancelTimer: int productArity()
im.tox.core.io.package$IO$Action$CancelTimer: java.lang.Object productElement(int)
im.tox.core.io.package$IO$Action$CancelTimer: scala.collection.Iterator productIterator()
im.tox.core.io.package$IO$Action$CancelTimer: boolean canEqual(java.lang.Object)
im.tox.core.io.package$IO$Action$CancelTimer: int hashCode()
im.tox.core.io.package$IO$Action$CancelTimer: java.lang.String toString()
im.tox.core.io.package$IO$Action$CancelTimer: boolean equals(java.lang.Object)
im.tox.core.io.package$IO$Action$CancelTimer: package$IO$Action$CancelTimer(java.lang.String)
im.tox.core.io.package$IO$Action$CancelTimer$
im.tox.core.io.package$IO$Action$CancelTimer$: im.tox.core.io.package$IO$Action$CancelTimer$ MODULE$
im.tox.core.io.package$IO$Action$CancelTimer$: void <clinit>()
im.tox.core.io.package$IO$Action$CancelTimer$: java.lang.String toString()
im.tox.core.io.package$IO$Action$CancelTimer$: im.tox.core.io.package$IO$Action$CancelTimer apply(java.lang.String)
im.tox.core.io.package$IO$Action$CancelTimer$: scala.Option unapply(im.tox.core.io.package$IO$Action$CancelTimer)
im.tox.core.io.package$IO$Action$CancelTimer$: java.lang.Object readResolve()
im.tox.core.io.package$IO$Action$CancelTimer$: java.lang.Object apply(java.lang.Object)
im.tox.core.io.package$IO$Action$CancelTimer$: package$IO$Action$CancelTimer$()